Performing C SOURCE FILE Test CMAKE_HAVE_LIBC_PTHREAD failed with the following output:
Change Dir: /wangjiadong/daozha/build/CMakeFiles/CMakeTmp

Run Build Command(s):/usr/bin/make -f Makefile cmTC_45eb2/fast && /usr/bin/make  -f CMakeFiles/cmTC_45eb2.dir/build.make CMakeFiles/cmTC_45eb2.dir/build
make[1]: Entering directory '/wangjiadong/daozha/build/CMakeFiles/CMakeTmp'
Building C object CMakeFiles/cmTC_45eb2.dir/src.c.o
/usr/bin/cc -DCMAKE_HAVE_LIBC_PTHREAD  -fPIC  -o CMakeFiles/cmTC_45eb2.dir/src.c.o -c /wangjiadong/daozha/build/CMakeFiles/CMakeTmp/src.c
Linking C executable cmTC_45eb2
/usr/local/bin/cmake -E cmake_link_script CMakeFiles/cmTC_45eb2.dir/link.txt --verbose=1
/usr/bin/cc -fPIC  -rdynamic CMakeFiles/cmTC_45eb2.dir/src.c.o -o cmTC_45eb2 
CMakeFiles/cmTC_45eb2.dir/src.c.o: In function `main':
src.c:(.text+0x3e): undefined reference to `pthread_create'
src.c:(.text+0x4a): undefined reference to `pthread_detach'
src.c:(.text+0x56): undefined reference to `pthread_cancel'
src.c:(.text+0x67): undefined reference to `pthread_join'
src.c:(.text+0x7b): undefined reference to `pthread_atfork'
collect2: error: ld returned 1 exit status
CMakeFiles/cmTC_45eb2.dir/build.make:98: recipe for target 'cmTC_45eb2' failed
make[1]: *** [cmTC_45eb2] Error 1
make[1]: Leaving directory '/wangjiadong/daozha/build/CMakeFiles/CMakeTmp'
Makefile:127: recipe for target 'cmTC_45eb2/fast' failed
make: *** [cmTC_45eb2/fast] Error 2


Source file was:
#include <pthread.h>

static void* test_func(void* data)
{
  return data;
}

int main(void)
{
  pthread_t thread;
  pthread_create(&thread, NULL, test_func, NULL);
  pthread_detach(thread);
  pthread_cancel(thread);
  pthread_join(thread, NULL);
  pthread_atfork(NULL, NULL, NULL);
  pthread_exit(NULL);

  return 0;
}

Determining if the function pthread_create exists in the pthreads failed with the following output:
Change Dir: /wangjiadong/daozha/build/CMakeFiles/CMakeTmp

Run Build Command(s):/usr/bin/make -f Makefile cmTC_98b74/fast && /usr/bin/make  -f CMakeFiles/cmTC_98b74.dir/build.make CMakeFiles/cmTC_98b74.dir/build
make[1]: Entering directory '/wangjiadong/daozha/build/CMakeFiles/CMakeTmp'
Building C object CMakeFiles/cmTC_98b74.dir/CheckFunctionExists.c.o
/usr/bin/cc   -fPIC -DCHECK_FUNCTION_EXISTS=pthread_create -o CMakeFiles/cmTC_98b74.dir/CheckFunctionExists.c.o -c /usr/local/share/cmake-3.20/Modules/CheckFunctionExists.c
Linking C executable cmTC_98b74
/usr/local/bin/cmake -E cmake_link_script CMakeFiles/cmTC_98b74.dir/link.txt --verbose=1
/usr/bin/cc -fPIC -DCHECK_FUNCTION_EXISTS=pthread_create -rdynamic CMakeFiles/cmTC_98b74.dir/CheckFunctionExists.c.o -o cmTC_98b74  -lpthreads 
/usr/bin/ld: cannot find -lpthreads
collect2: error: ld returned 1 exit status
CMakeFiles/cmTC_98b74.dir/build.make:98: recipe for target 'cmTC_98b74' failed
make[1]: *** [cmTC_98b74] Error 1
make[1]: Leaving directory '/wangjiadong/daozha/build/CMakeFiles/CMakeTmp'
Makefile:127: recipe for target 'cmTC_98b74/fast' failed
make: *** [cmTC_98b74/fast] Error 2



Performing C SOURCE FILE Test CMAKE_HAVE_LIBC_PTHREAD failed with the following output:
Change Dir: /wangjiadong/daozha/build/CMakeFiles/CMakeTmp

Run Build Command(s):/wangjiadong/anaconda3/bin/ninja cmTC_5480f && [1/2] Building C object CMakeFiles/cmTC_5480f.dir/src.c.o
[2/2] Linking C executable cmTC_5480f
FAILED: cmTC_5480f 
: && /usr/bin/gcc -fPIC -rdynamic CMakeFiles/cmTC_5480f.dir/src.c.o -o cmTC_5480f   && :
CMakeFiles/cmTC_5480f.dir/src.c.o: In function `main':
src.c:(.text+0x3e): undefined reference to `pthread_create'
src.c:(.text+0x4a): undefined reference to `pthread_detach'
src.c:(.text+0x56): undefined reference to `pthread_cancel'
src.c:(.text+0x67): undefined reference to `pthread_join'
src.c:(.text+0x7b): undefined reference to `pthread_atfork'
collect2: error: ld returned 1 exit status
ninja: build stopped: subcommand failed.


Source file was:
#include <pthread.h>

static void* test_func(void* data)
{
  return data;
}

int main(void)
{
  pthread_t thread;
  pthread_create(&thread, NULL, test_func, NULL);
  pthread_detach(thread);
  pthread_cancel(thread);
  pthread_join(thread, NULL);
  pthread_atfork(NULL, NULL, NULL);
  pthread_exit(NULL);

  return 0;
}

Determining if the function pthread_create exists in the pthreads failed with the following output:
Change Dir: /wangjiadong/daozha/build/CMakeFiles/CMakeTmp

Run Build Command(s):/wangjiadong/anaconda3/bin/ninja cmTC_e0c54 && [1/2] Building C object CMakeFiles/cmTC_e0c54.dir/CheckFunctionExists.c.o
[2/2] Linking C executable cmTC_e0c54
FAILED: cmTC_e0c54 
: && /usr/bin/gcc -fPIC -DCHECK_FUNCTION_EXISTS=pthread_create -rdynamic CMakeFiles/cmTC_e0c54.dir/CheckFunctionExists.c.o -o cmTC_e0c54  -lpthreads && :
/usr/bin/ld: cannot find -lpthreads
collect2: error: ld returned 1 exit status
ninja: build stopped: subcommand failed.



